Analyzing datasets and generating CLIP feature visualizations...
Loading CIFAR-10 dataset...
Loaded 5000 CIFAR-10 images with 10 classes
Creating 3D t-SNE visualization for CIFAR-10 CLIP features...
  CLIP feature visualization saved for CIFAR-10
Loading CACD dataset...
Creating 3D t-SNE visualization for CACD CLIP features...
  CLIP feature visualization saved for CACD
Loading MNIST dataset...
Creating 3D t-SNE visualization for MNIST CLIP features...
  CLIP feature visualization saved for MNIST
Loading Fashion-MNIST dataset...
Creating 3D t-SNE visualization for Fashion-MNIST CLIP features...
  CLIP feature visualization saved for Fashion-MNIST
Loading SVHN dataset...
Creating 3D t-SNE visualization for SVHN CLIP features...
  CLIP feature visualization saved for SVHN
Loading CelebA dataset...
Creating 3D t-SNE visualization for CelebA CLIP features...
  CLIP feature visualization saved for CelebA
Loading FFHQ dataset...
Creating 3D t-SNE visualization for FFHQ CLIP features...
  CLIP feature visualization saved for FFHQ
Loading 3D Chair dataset...
Creating 3D t-SNE visualization for 3D Chair CLIP features...
  CLIP feature visualization saved for 3D Chair
Loading ImageNet dataset...
aaa
(1052124,)
Creating 3D t-SNE visualization for ImageNet CLIP features...
  CLIP feature visualization saved for ImageNet
Analysis complete! Check the 'clip_feature_plots' directory for results.

============================
 Job utilisation efficiency
============================

Job ID: 20207854
Cluster: viking2.yor.alces.network
User/Group: rnt529/clusterusers
State: COMPLETED (exit code 0)
Nodes: 1
Cores per node: 32
CPU Utilized: 00:28:13
CPU Efficiency: 0.77% of 2-13:15:12 core-walltime
Job Wall-clock time: 01:54:51
Memory Utilized: 7.71 GB
Memory Efficiency: 12.05% of 64.00 GB
 Requested wall clock time: 1-00:00:00
    Actual wall clock time: 01:54:51
Wall clock time efficiency: 8.0%
           Job queued time: 00:00:14
